Performing C++ SOURCE FILE Test HAS_STD_FORMAT failed with the following output:
Change Dir: /workspace/src/build/CMakeFiles/CMakeScratch/TryCompile-v0tUqS

Run Build Command(s):/usr/bin/gmake -f Makefile cmTC_bcf49/fast && /usr/bin/gmake  -f CMakeFiles/cmTC_bcf49.dir/build.make CMakeFiles/cmTC_bcf49.dir/build
gmake[1]: Entering directory '/workspace/src/build/CMakeFiles/CMakeScratch/TryCompile-v0tUqS'
Building CXX object CMakeFiles/cmTC_bcf49.dir/src.cxx.o
/usr/bin/c++ -DHAS_STD_FORMAT   -o CMakeFiles/cmTC_bcf49.dir/src.cxx.o -c /workspace/src/build/CMakeFiles/CMakeScratch/TryCompile-v0tUqS/src.cxx
/workspace/src/build/CMakeFiles/CMakeScratch/TryCompile-v0tUqS/src.cxx:2:14: fatal error: format: No such file or directory
    2 |     #include <format>
      |              ^~~~~~~~
compilation terminated.
gmake[1]: *** [CMakeFiles/cmTC_bcf49.dir/build.make:78: CMakeFiles/cmTC_bcf49.dir/src.cxx.o] Error 1
gmake[1]: Leaving directory '/workspace/src/build/CMakeFiles/CMakeScratch/TryCompile-v0tUqS'
gmake: *** [Makefile:127: cmTC_bcf49/fast] Error 2


Source file was:

    #include <format>
    #include <string>
    int main() {
        auto s = std::format("{}", "test");
        return 0;
    }


